<?xml version="1.0" encoding="UTF-8"?>
<!-- Generated by org.testng.reporters.JUnitReportReporter -->
<testsuite skipped="0" hostname="LAPTOP-UMFJ6OLA" name="com.meetmyservice.TestLayer.Demo" tests="1" failures="0" timestamp="2021-10-27T15:18:36 IST" time="9.604" errors="0">
  <testcase name="demo" time="9.604" classname="com.meetmyservice.TestLayer.Demo"/>
  <system-out/>
</testsuite> <!-- com.meetmyservice.TestLayer.Demo -->
